  main.cpp
C:\Users\OIFO\Desktop\作業\計算機圖學\HW1\OpenGLFramework-VS2017\main.cpp(293,22): warning C4244: '=': 將 'int' 轉換為 'GLfloat'，由於類型不同，可能導致資料遺失
C:\Users\OIFO\Desktop\作業\計算機圖學\HW1\OpenGLFramework-VS2017\main.cpp(304,20): warning C4305: '正在初始化': 從 'double' 轉換為 'GLfloat'，是由較大的類型轉換為較小的類型，可能導致資料遺失
C:\Users\OIFO\Desktop\作業\計算機圖學\HW1\OpenGLFramework-VS2017\main.cpp(312,15): warning C4305: '正在初始化': 從 'double' 轉換為 'GLfloat'，是由較大的類型轉換為較小的類型，可能導致資料遺失
C:\Users\OIFO\Desktop\作業\計算機圖學\HW1\OpenGLFramework-VS2017\main.cpp(420,49): warning C4244: '引數': 將 'double' 轉換為 'float'，由於類型不同，可能導致資料遺失
C:\Users\OIFO\Desktop\作業\計算機圖學\HW1\OpenGLFramework-VS2017\main.cpp(423,45): warning C4244: '引數': 將 'double' 轉換為 'float'，由於類型不同，可能導致資料遺失
C:\Users\OIFO\Desktop\作業\計算機圖學\HW1\OpenGLFramework-VS2017\main.cpp(426,49): warning C4244: '引數': 將 'double' 轉換為 'float'，由於類型不同，可能導致資料遺失
C:\Users\OIFO\Desktop\作業\計算機圖學\HW1\OpenGLFramework-VS2017\main.cpp(429,45): warning C4244: '引數': 將 'double' 轉換為 'float'，由於類型不同，可能導致資料遺失
C:\Users\OIFO\Desktop\作業\計算機圖學\HW1\OpenGLFramework-VS2017\main.cpp(433,44): warning C4244: '引數': 將 'double' 轉換為 'float'，由於類型不同，可能導致資料遺失
C:\Users\OIFO\Desktop\作業\計算機圖學\HW1\OpenGLFramework-VS2017\main.cpp(437,47): warning C4244: '引數': 將 'double' 轉換為 'float'，由於類型不同，可能導致資料遺失
C:\Users\OIFO\Desktop\作業\計算機圖學\HW1\OpenGLFramework-VS2017\main.cpp(456,50): warning C4244: '引數': 將 'double' 轉換為 'float'，由於類型不同，可能導致資料遺失
C:\Users\OIFO\Desktop\作業\計算機圖學\HW1\OpenGLFramework-VS2017\main.cpp(456,17): warning C4244: '引數': 將 'double' 轉換為 'float'，由於類型不同，可能導致資料遺失
C:\Users\OIFO\Desktop\作業\計算機圖學\HW1\OpenGLFramework-VS2017\main.cpp(460,49): warning C4244: '引數': 將 'double' 轉換為 'float'，由於類型不同，可能導致資料遺失
C:\Users\OIFO\Desktop\作業\計算機圖學\HW1\OpenGLFramework-VS2017\main.cpp(460,16): warning C4244: '引數': 將 'double' 轉換為 'float'，由於類型不同，可能導致資料遺失
C:\Users\OIFO\Desktop\作業\計算機圖學\HW1\OpenGLFramework-VS2017\main.cpp(464,50): warning C4244: '引數': 將 'double' 轉換為 'float'，由於類型不同，可能導致資料遺失
C:\Users\OIFO\Desktop\作業\計算機圖學\HW1\OpenGLFramework-VS2017\main.cpp(464,17): warning C4244: '引數': 將 'double' 轉換為 'float'，由於類型不同，可能導致資料遺失
C:\Users\OIFO\Desktop\作業\計算機圖學\HW1\OpenGLFramework-VS2017\main.cpp(468,49): warning C4244: '引數': 將 'double' 轉換為 'float'，由於類型不同，可能導致資料遺失
C:\Users\OIFO\Desktop\作業\計算機圖學\HW1\OpenGLFramework-VS2017\main.cpp(468,16): warning C4244: '引數': 將 'double' 轉換為 'float'，由於類型不同，可能導致資料遺失
C:\Users\OIFO\Desktop\作業\計算機圖學\HW1\OpenGLFramework-VS2017\main.cpp(473,53): warning C4244: '引數': 將 'double' 轉換為 'float'，由於類型不同，可能導致資料遺失
C:\Users\OIFO\Desktop\作業\計算機圖學\HW1\OpenGLFramework-VS2017\main.cpp(473,19): warning C4244: '引數': 將 'double' 轉換為 'float'，由於類型不同，可能導致資料遺失
C:\Users\OIFO\Desktop\作業\計算機圖學\HW1\OpenGLFramework-VS2017\main.cpp(478,53): warning C4244: '引數': 將 'double' 轉換為 'float'，由於類型不同，可能導致資料遺失
C:\Users\OIFO\Desktop\作業\計算機圖學\HW1\OpenGLFramework-VS2017\main.cpp(478,19): warning C4244: '引數': 將 'double' 轉換為 'float'，由於類型不同，可能導致資料遺失
C:\Users\OIFO\Desktop\作業\計算機圖學\HW1\OpenGLFramework-VS2017\main.cpp(483,21): warning C4244: '=': 將 'double' 轉換為 'int'，由於類型不同，可能導致資料遺失
C:\Users\OIFO\Desktop\作業\計算機圖學\HW1\OpenGLFramework-VS2017\main.cpp(484,21): warning C4244: '=': 將 'double' 轉換為 'int'，由於類型不同，可能導致資料遺失
C:\Users\OIFO\Desktop\作業\計算機圖學\HW1\OpenGLFramework-VS2017\main.cpp(713,9): warning C4477: 'printf' : 格式字串 '%d' 需要 'int' 類型的引數，但 variadic 引數 1 的類型為 'unsigned __int64'
C:\Users\OIFO\Desktop\作業\計算機圖學\HW1\OpenGLFramework-VS2017\main.cpp(713,9): message : 請考慮在格式字串中使用 '%zd'
C:\Users\OIFO\Desktop\作業\計算機圖學\HW1\OpenGLFramework-VS2017\main.cpp(713,9): warning C4477: 'printf' : 格式字串 '%d' 需要 'int' 類型的引數，但 variadic 引數 2 的類型為 'unsigned __int64'
C:\Users\OIFO\Desktop\作業\計算機圖學\HW1\OpenGLFramework-VS2017\main.cpp(713,9): message : 請考慮在格式字串中使用 '%zd'
C:\Users\OIFO\Desktop\作業\計算機圖學\HW1\OpenGLFramework-VS2017\main.cpp(725,46): warning C4267: '=': 將 'size_t' 轉換為 'int'，資料可能遺失
C:\Users\OIFO\Desktop\作業\計算機圖學\HW1\OpenGLFramework-VS2017\main.cpp(750,23): warning C4305: '=': 從 'double' 轉換為 'GLfloat'，是由較大的類型轉換為較小的類型，可能導致資料遺失
C:\Users\OIFO\Desktop\作業\計算機圖學\HW1\OpenGLFramework-VS2017\main.cpp(770,33): warning C4305: '引數': 從 'double' 轉換為 'GLfloat'，是由較大的類型轉換為較小的類型，可能導致資料遺失
  OpenGLFramework-VS2017.vcxproj -> C:\Users\OIFO\Desktop\作業\計算機圖學\HW1\x64\Debug\OpenGLFramework-VS2017.exe
