  main.cpp
C:\Users\OIFO\Desktop\作業\計算機圖學\HW2\OpenGLFramework-VS2017\main.cpp(329,22): warning C4244: '=': 將 'int' 轉換為 'GLfloat'，由於類型不同，可能導致資料遺失
C:\Users\OIFO\Desktop\作業\計算機圖學\HW2\OpenGLFramework-VS2017\main.cpp(485,49): warning C4244: '引數': 將 'double' 轉換為 'float'，由於類型不同，可能導致資料遺失
C:\Users\OIFO\Desktop\作業\計算機圖學\HW2\OpenGLFramework-VS2017\main.cpp(488,46): warning C4244: '引數': 將 'double' 轉換為 'float'，由於類型不同，可能導致資料遺失
C:\Users\OIFO\Desktop\作業\計算機圖學\HW2\OpenGLFramework-VS2017\main.cpp(491,49): warning C4244: '引數': 將 'double' 轉換為 'float'，由於類型不同，可能導致資料遺失
C:\Users\OIFO\Desktop\作業\計算機圖學\HW2\OpenGLFramework-VS2017\main.cpp(494,45): warning C4244: '引數': 將 'double' 轉換為 'float'，由於類型不同，可能導致資料遺失
C:\Users\OIFO\Desktop\作業\計算機圖學\HW2\OpenGLFramework-VS2017\main.cpp(498,44): warning C4244: '引數': 將 'double' 轉換為 'float'，由於類型不同，可能導致資料遺失
C:\Users\OIFO\Desktop\作業\計算機圖學\HW2\OpenGLFramework-VS2017\main.cpp(502,47): warning C4244: '引數': 將 'double' 轉換為 'float'，由於類型不同，可能導致資料遺失
C:\Users\OIFO\Desktop\作業\計算機圖學\HW2\OpenGLFramework-VS2017\main.cpp(507,80): warning C4244: '引數': 將 'double' 轉換為 'float'，由於類型不同，可能導致資料遺失
C:\Users\OIFO\Desktop\作業\計算機圖學\HW2\OpenGLFramework-VS2017\main.cpp(507,64): warning C4244: '引數': 將 'double' 轉換為 'float'，由於類型不同，可能導致資料遺失
C:\Users\OIFO\Desktop\作業\計算機圖學\HW2\OpenGLFramework-VS2017\main.cpp(507,48): warning C4244: '引數': 將 'double' 轉換為 'float'，由於類型不同，可能導致資料遺失
C:\Users\OIFO\Desktop\作業\計算機圖學\HW2\OpenGLFramework-VS2017\main.cpp(510,74): warning C4244: '引數': 將 'double' 轉換為 'float'，由於類型不同，可能導致資料遺失
C:\Users\OIFO\Desktop\作業\計算機圖學\HW2\OpenGLFramework-VS2017\main.cpp(510,58): warning C4244: '引數': 將 'double' 轉換為 'float'，由於類型不同，可能導致資料遺失
C:\Users\OIFO\Desktop\作業\計算機圖學\HW2\OpenGLFramework-VS2017\main.cpp(510,42): warning C4244: '引數': 將 'double' 轉換為 'float'，由於類型不同，可能導致資料遺失
C:\Users\OIFO\Desktop\作業\計算機圖學\HW2\OpenGLFramework-VS2017\main.cpp(513,31): warning C4244: '+=': 將 'double' 轉換為 'GLint'，由於類型不同，可能導致資料遺失
C:\Users\OIFO\Desktop\作業\計算機圖學\HW2\OpenGLFramework-VS2017\main.cpp(517,23): warning C4244: '-=': 將 'double' 轉換為 'GLint'，由於類型不同，可能導致資料遺失
C:\Users\OIFO\Desktop\作業\計算機圖學\HW2\OpenGLFramework-VS2017\main.cpp(535,52): warning C4244: '引數': 將 'double' 轉換為 'float'，由於類型不同，可能導致資料遺失
C:\Users\OIFO\Desktop\作業\計算機圖學\HW2\OpenGLFramework-VS2017\main.cpp(535,18): warning C4244: '引數': 將 'double' 轉換為 'float'，由於類型不同，可能導致資料遺失
C:\Users\OIFO\Desktop\作業\計算機圖學\HW2\OpenGLFramework-VS2017\main.cpp(539,50): warning C4244: '引數': 將 'double' 轉換為 'float'，由於類型不同，可能導致資料遺失
C:\Users\OIFO\Desktop\作業\計算機圖學\HW2\OpenGLFramework-VS2017\main.cpp(539,17): warning C4244: '引數': 將 'double' 轉換為 'float'，由於類型不同，可能導致資料遺失
C:\Users\OIFO\Desktop\作業\計算機圖學\HW2\OpenGLFramework-VS2017\main.cpp(543,50): warning C4244: '引數': 將 'double' 轉換為 'float'，由於類型不同，可能導致資料遺失
C:\Users\OIFO\Desktop\作業\計算機圖學\HW2\OpenGLFramework-VS2017\main.cpp(543,17): warning C4244: '引數': 將 'double' 轉換為 'float'，由於類型不同，可能導致資料遺失
C:\Users\OIFO\Desktop\作業\計算機圖學\HW2\OpenGLFramework-VS2017\main.cpp(547,50): warning C4244: '引數': 將 'double' 轉換為 'float'，由於類型不同，可能導致資料遺失
C:\Users\OIFO\Desktop\作業\計算機圖學\HW2\OpenGLFramework-VS2017\main.cpp(547,17): warning C4244: '引數': 將 'double' 轉換為 'float'，由於類型不同，可能導致資料遺失
C:\Users\OIFO\Desktop\作業\計算機圖學\HW2\OpenGLFramework-VS2017\main.cpp(552,53): warning C4244: '引數': 將 'double' 轉換為 'float'，由於類型不同，可能導致資料遺失
C:\Users\OIFO\Desktop\作業\計算機圖學\HW2\OpenGLFramework-VS2017\main.cpp(552,19): warning C4244: '引數': 將 'double' 轉換為 'float'，由於類型不同，可能導致資料遺失
C:\Users\OIFO\Desktop\作業\計算機圖學\HW2\OpenGLFramework-VS2017\main.cpp(557,53): warning C4244: '引數': 將 'double' 轉換為 'float'，由於類型不同，可能導致資料遺失
C:\Users\OIFO\Desktop\作業\計算機圖學\HW2\OpenGLFramework-VS2017\main.cpp(557,19): warning C4244: '引數': 將 'double' 轉換為 'float'，由於類型不同，可能導致資料遺失
C:\Users\OIFO\Desktop\作業\計算機圖學\HW2\OpenGLFramework-VS2017\main.cpp(563,54): warning C4244: '引數': 將 'double' 轉換為 'float'，由於類型不同，可能導致資料遺失
C:\Users\OIFO\Desktop\作業\計算機圖學\HW2\OpenGLFramework-VS2017\main.cpp(563,19): warning C4244: '引數': 將 'double' 轉換為 'float'，由於類型不同，可能導致資料遺失
C:\Users\OIFO\Desktop\作業\計算機圖學\HW2\OpenGLFramework-VS2017\main.cpp(567,54): warning C4244: '引數': 將 'double' 轉換為 'float'，由於類型不同，可能導致資料遺失
C:\Users\OIFO\Desktop\作業\計算機圖學\HW2\OpenGLFramework-VS2017\main.cpp(567,19): warning C4244: '引數': 將 'double' 轉換為 'float'，由於類型不同，可能導致資料遺失
C:\Users\OIFO\Desktop\作業\計算機圖學\HW2\OpenGLFramework-VS2017\main.cpp(571,54): warning C4244: '引數': 將 'double' 轉換為 'float'，由於類型不同，可能導致資料遺失
C:\Users\OIFO\Desktop\作業\計算機圖學\HW2\OpenGLFramework-VS2017\main.cpp(571,19): warning C4244: '引數': 將 'double' 轉換為 'float'，由於類型不同，可能導致資料遺失
C:\Users\OIFO\Desktop\作業\計算機圖學\HW2\OpenGLFramework-VS2017\main.cpp(576,21): warning C4244: '=': 將 'double' 轉換為 'int'，由於類型不同，可能導致資料遺失
C:\Users\OIFO\Desktop\作業\計算機圖學\HW2\OpenGLFramework-VS2017\main.cpp(577,21): warning C4244: '=': 將 'double' 轉換為 'int'，由於類型不同，可能導致資料遺失
C:\Users\OIFO\Desktop\作業\計算機圖學\HW2\OpenGLFramework-VS2017\main.cpp(822,9): warning C4477: 'printf' : 格式字串 '%d' 需要 'int' 類型的引數，但 variadic 引數 1 的類型為 'unsigned __int64'
C:\Users\OIFO\Desktop\作業\計算機圖學\HW2\OpenGLFramework-VS2017\main.cpp(822,9): message : 請考慮在格式字串中使用 '%zd'
C:\Users\OIFO\Desktop\作業\計算機圖學\HW2\OpenGLFramework-VS2017\main.cpp(822,9): warning C4477: 'printf' : 格式字串 '%d' 需要 'int' 類型的引數，但 variadic 引數 2 的類型為 'unsigned __int64'
C:\Users\OIFO\Desktop\作業\計算機圖學\HW2\OpenGLFramework-VS2017\main.cpp(822,9): message : 請考慮在格式字串中使用 '%zd'
C:\Users\OIFO\Desktop\作業\計算機圖學\HW2\OpenGLFramework-VS2017\main.cpp(852,47): warning C4267: '=': 將 'size_t' 轉換為 'int'，資料可能遺失
C:\Users\OIFO\Desktop\作業\計算機圖學\HW2\OpenGLFramework-VS2017\main.cpp(885,23): warning C4305: '=': 從 'double' 轉換為 'GLfloat'，是由較大的類型轉換為較小的類型，可能導致資料遺失
C:\Users\OIFO\Desktop\作業\計算機圖學\HW2\OpenGLFramework-VS2017\main.cpp(917,33): warning C4305: '引數': 從 'double' 轉換為 'GLfloat'，是由較大的類型轉換為較小的類型，可能導致資料遺失
  OpenGLFramework-VS2017.vcxproj -> C:\Users\OIFO\Desktop\作業\計算機圖學\HW2\x64\Debug\OpenGLFramework-VS2017.exe
